<?xml version="1.0" encoding="UTF-8"?>
<!-- Generated by org.testng.reporters.JUnitXMLReporter -->
<testsuite ignored="0" hostname="DESKTOP-47BL69I" failures="0" tests="5" name="Test" time="218.41" errors="0" timestamp="2022-10-05T10:44:32 COT">
  <testcase classname="com.testNG.RunTestNG" name="mercadolibreTestNG" time="61.736"/>
  <testcase classname="com.testNG.RunTestNG" name="mercadolibreCrearCuentaTestNG" time="29.162"/>
  <testcase classname="com.testNG.RunTestNG" name="mercurytoursTestNG" time="35.672"/>
  <testcase classname="com.testNG.RunTestNG" name="ToolsQAAlertsTestNG" time="57.312"/>
  <testcase classname="com.testNG.RunTestNG" name="ToolsQAWidgetsTestNG" time="30.91"/>
</testsuite> <!-- Test -->
